0 info it worked if it ends with ok
1 verbose cli [ 'C:\\Program Files\\nodejs\\node.exe',
1 verbose cli   'C:\\Users\\zongyan\\AppData\\Roaming\\npm\\node_modules\\npm\\bin\\npm-cli.js',
1 verbose cli   'publish' ]
2 info using npm@4.0.2
3 info using node@v7.8.0
4 verbose publish [ '.' ]
5 silly cache add args [ '.', null ]
6 verbose cache add spec .
7 silly cache add parsed spec Result {
7 silly cache add   raw: '.',
7 silly cache add   scope: null,
7 silly cache add   escapedName: null,
7 silly cache add   name: null,
7 silly cache add   rawSpec: '.',
7 silly cache add   spec: 'E:\\waterfull-box',
7 silly cache add   type: 'directory' }
8 verbose addLocalDirectory C:\Users\zongyan\AppData\Roaming\npm-cache\waterfull-box\0.0.1\package.tgz not in flight; packing
9 verbose correctMkdir C:\Users\zongyan\AppData\Roaming\npm-cache correctMkdir not in flight; initializing
10 info lifecycle waterfull-box@0.0.1~prepublish: waterfull-box@0.0.1
11 silly lifecycle waterfull-box@0.0.1~prepublish: no script for prepublish, continuing
12 info lifecycle waterfull-box@0.0.1~prepare: waterfull-box@0.0.1
13 silly lifecycle waterfull-box@0.0.1~prepare: no script for prepare, continuing
14 verbose tar pack [ 'C:\\Users\\zongyan\\AppData\\Roaming\\npm-cache\\waterfull-box\\0.0.1\\package.tgz',
14 verbose tar pack   'E:\\waterfull-box' ]
15 verbose tarball C:\Users\zongyan\AppData\Roaming\npm-cache\waterfull-box\0.0.1\package.tgz
16 verbose folder E:\waterfull-box
17 verbose addLocalTarball adding from inside cache C:\Users\zongyan\AppData\Roaming\npm-cache\waterfull-box\0.0.1\package.tgz
18 verbose correctMkdir C:\Users\zongyan\AppData\Roaming\npm-cache correctMkdir not in flight; initializing
19 silly cache afterAdd waterfull-box@0.0.1
20 verbose afterAdd C:\Users\zongyan\AppData\Roaming\npm-cache\waterfull-box\0.0.1\package\package.json not in flight; writing
21 verbose correctMkdir C:\Users\zongyan\AppData\Roaming\npm-cache correctMkdir not in flight; initializing
22 verbose afterAdd C:\Users\zongyan\AppData\Roaming\npm-cache\waterfull-box\0.0.1\package\package.json written
23 silly publish { name: 'waterfull-box',
23 silly publish   version: '0.0.1',
23 silly publish   description: 'Generate a waterfull layour',
23 silly publish   main: 'waterfull-box.js',
23 silly publish   scripts: { test: 'echo "Error: no test specified" && exit 1' },
23 silly publish   keywords: [ 'waterfull', 'layout' ],
23 silly publish   author: { name: 'yeahz' },
23 silly publish   license: 'MIT',
23 silly publish   readme: 'ERROR: No README data found!',
23 silly publish   readmeFilename: 'README.md',
23 silly publish   gitHead: '7419e58f72e5c6b4777185e1bf8e85f912f806c5',
23 silly publish   _id: 'waterfull-box@0.0.1',
23 silly publish   _shasum: '2a5714e7a75226f297d9020c9424ed467395f390',
23 silly publish   _from: '.' }
24 info lifecycle waterfull-box@0.0.1~prepublishOnly: waterfull-box@0.0.1
25 silly lifecycle waterfull-box@0.0.1~prepublishOnly: no script for prepublishOnly, continuing
26 verbose getPublishConfig undefined
27 silly mapToRegistry name waterfull-box
28 silly mapToRegistry using default registry
29 silly mapToRegistry registry https://registry.npm.taobao.org/
30 silly mapToRegistry data Result {
30 silly mapToRegistry   raw: 'waterfull-box',
30 silly mapToRegistry   scope: null,
30 silly mapToRegistry   escapedName: 'waterfull-box',
30 silly mapToRegistry   name: 'waterfull-box',
30 silly mapToRegistry   rawSpec: '',
30 silly mapToRegistry   spec: 'latest',
30 silly mapToRegistry   type: 'tag' }
31 silly mapToRegistry uri https://registry.npm.taobao.org/waterfull-box
32 verbose publish registryBase https://registry.npm.taobao.org/
33 silly publish uploading C:\Users\zongyan\AppData\Roaming\npm-cache\waterfull-box\0.0.1\package.tgz
34 verbose request uri https://registry.npm.taobao.org/waterfull-box
35 verbose request sending authorization for write operation
36 info attempt registry request try #1 at 21:24:10
37 verbose request id 6937e750a3213db4
38 http request PUT https://registry.npm.taobao.org/waterfull-box
39 http 403 https://registry.npm.taobao.org/waterfull-box
40 verbose headers { date: 'Tue, 06 Jun 2017 13:24:05 GMT',
40 verbose headers   'content-type': 'application/json; charset=utf-8',
40 verbose headers   'content-length': '87',
40 verbose headers   connection: 'keep-alive',
40 verbose headers   'x-current-requests': '1',
40 verbose headers   'x-readtime': '6' }
41 verbose request invalidating C:\Users\zongyan\AppData\Roaming\npm-cache\registry.npm.taobao.org\waterfull-box on PUT
42 error publish Failed PUT 403
43 verbose stack Error: no_perms Private mode enable, only admin can publish this module: waterfull-box
43 verbose stack     at makeError (C:\Users\zongyan\AppData\Roaming\npm\node_modules\npm\node_modules\npm-registry-client\lib\request.js:302:12)
43 verbose stack     at CachingRegistryClient.<anonymous> (C:\Users\zongyan\AppData\Roaming\npm\node_modules\npm\node_modules\npm-registry-client\lib\request.js:290:14)
43 verbose stack     at Request._callback (C:\Users\zongyan\AppData\Roaming\npm\node_modules\npm\node_modules\npm-registry-client\lib\request.js:210:14)
43 verbose stack     at Request.self.callback (C:\Users\zongyan\AppData\Roaming\npm\node_modules\npm\node_modules\request\request.js:186:22)
43 verbose stack     at emitTwo (events.js:106:13)
43 verbose stack     at Request.emit (events.js:194:7)
43 verbose stack     at Request.<anonymous> (C:\Users\zongyan\AppData\Roaming\npm\node_modules\npm\node_modules\request\request.js:1081:10)
43 verbose stack     at emitOne (events.js:96:13)
43 verbose stack     at Request.emit (events.js:191:7)
43 verbose stack     at IncomingMessage.<anonymous> (C:\Users\zongyan\AppData\Roaming\npm\node_modules\npm\node_modules\request\request.js:1001:12)
44 verbose statusCode 403
45 verbose pkgid waterfull-box
46 verbose cwd E:\waterfull-box
47 error Windows_NT 10.0.14393
48 error argv "C:\\Program Files\\nodejs\\node.exe" "C:\\Users\\zongyan\\AppData\\Roaming\\npm\\node_modules\\npm\\bin\\npm-cli.js" "publish"
49 error node v7.8.0
50 error npm  v4.0.2
51 error code E403
52 error no_perms Private mode enable, only admin can publish this module: waterfull-box
53 error If you need help, you may report this error at:
53 error     <https://github.com/npm/npm/issues>
54 verbose exit [ 1, true ]
